Wed May  4 07:31:42 2022 -> --------------------------------------
Wed May  4 07:31:42 2022 -> freshclam daemon 0.103.5 (OS: linux-gnu, ARCH: x86_64, CPU: x86_64)
Wed May  4 07:31:42 2022 -> ClamAV update process started at Wed May  4 07:31:42 2022
Wed May  4 07:31:42 2022 -> daily database available for download (remote version: 26530)
Wed May  4 07:31:47 2022 -> Testing database: '/var/lib/clamav/tmp.815c33b482/clamav-71f07166fa2a71f9a52c0a1d995b97cb.tmp-daily.cvd' ...
Wed May  4 07:32:23 2022 -> ERROR: Database load killed by signal 9
Wed May  4 07:32:23 2022 -> ERROR: Database test FAILED.
Wed May  4 07:32:23 2022 -> ERROR: Unexpected error when attempting to update daily: Test failed
Wed May  4 07:32:23 2022 -> ERROR: Database update process failed: Test failed
Wed May  4 07:32:23 2022 -> ERROR: Update failed.
Wed May  4 07:32:23 2022 -> --------------------------------------
Wed May  4 07:32:44 2022 -> Update process terminated
Wed May  4 07:32:57 2022 -> --------------------------------------
Wed May  4 07:32:57 2022 -> ClamAV update process started at Wed May  4 07:32:57 2022
Wed May  4 07:32:57 2022 -> daily database available for download (remote version: 26530)
Wed May  4 07:32:59 2022 -> Testing database: '/var/lib/clamav/tmp.5075e213e2/clamav-40c831d82452cc1bbac97a9aada80692.tmp-daily.cvd' ...
Wed May  4 07:33:20 2022 -> ERROR: Database load killed by signal 9
Wed May  4 07:33:20 2022 -> ERROR: Database test FAILED.
Wed May  4 07:33:20 2022 -> ERROR: Unexpected error when attempting to update daily: Test failed
Wed May  4 07:33:20 2022 -> ERROR: Database update process failed: Test failed
Wed May  4 07:33:20 2022 -> ERROR: Update failed.
Wed May  4 07:34:12 2022 -> --------------------------------------
Wed May  4 07:34:12 2022 -> ClamAV update process started at Wed May  4 07:34:12 2022
Wed May  4 07:34:12 2022 -> daily database available for download (remote version: 26530)
Wed May  4 07:34:14 2022 -> Testing database: '/var/lib/clamav/tmp.6df8154d4f/clamav-a5a712ec6f8a4ddb6cf9e2084ec34ed0.tmp-daily.cvd' ...
Wed May  4 07:34:55 2022 -> ERROR: Database load killed by signal 9
Wed May  4 07:34:55 2022 -> ERROR: Database test FAILED.
Wed May  4 07:34:55 2022 -> ERROR: Unexpected error when attempting to update daily: Test failed
Wed May  4 07:34:55 2022 -> ERROR: Database update process failed: Test failed
Wed May  4 07:34:55 2022 -> ERROR: Update failed.
Wed May  4 08:17:42 2022 -> --------------------------------------
Wed May  4 08:17:42 2022 -> freshclam daemon 0.103.5 (OS: linux-gnu, ARCH: x86_64, CPU: x86_64)
Wed May  4 08:17:42 2022 -> ClamAV update process started at Wed May  4 08:17:42 2022
Wed May  4 08:17:42 2022 -> daily database available for download (remote version: 26530)
Wed May  4 08:17:44 2022 -> Testing database: '/var/lib/clamav/tmp.a36f2e4bba/clamav-c56632212da903c602c6ab6f80337263.tmp-daily.cvd' ...
Wed May  4 08:17:56 2022 -> ERROR: Database load killed by signal 9
Wed May  4 08:17:56 2022 -> ERROR: Database test FAILED.
Wed May  4 08:17:56 2022 -> ERROR: Unexpected error when attempting to update daily: Test failed
Wed May  4 08:17:56 2022 -> ERROR: Database update process failed: Test failed
Wed May  4 08:17:56 2022 -> ERROR: Update failed.
Wed May  4 08:17:56 2022 -> --------------------------------------
Wed May  4 08:18:42 2022 -> Update process terminated
Wed May  4 08:18:46 2022 -> --------------------------------------
Wed May  4 08:18:46 2022 -> ClamAV update process started at Wed May  4 08:18:46 2022
Wed May  4 08:18:46 2022 -> daily database available for download (remote version: 26530)
Wed May  4 08:18:48 2022 -> Testing database: '/var/lib/clamav/tmp.d24d19ca47/clamav-2f91c3ff6b0a09afc36fe55110533aa0.tmp-daily.cvd' ...
Wed May  4 08:19:16 2022 -> ERROR: Database load killed by signal 9
Wed May  4 08:19:16 2022 -> ERROR: Database test FAILED.
Wed May  4 08:19:16 2022 -> ERROR: Unexpected error when attempting to update daily: Test failed
Wed May  4 08:19:16 2022 -> ERROR: Database update process failed: Test failed
Wed May  4 08:19:16 2022 -> ERROR: Update failed.
Wed May  4 10:50:22 2022 -> --------------------------------------
Wed May  4 10:50:22 2022 -> freshclam daemon 0.103.5 (OS: linux-gnu, ARCH: x86_64, CPU: x86_64)
Wed May  4 10:50:22 2022 -> ClamAV update process started at Wed May  4 10:50:22 2022
Wed May  4 10:50:22 2022 -> daily database available for download (remote version: 26531)
Wed May  4 10:50:29 2022 -> Testing database: '/var/lib/clamav/tmp.3fcda6d50c/clamav-e6dee32f763d1ea4b28b75628a590589.tmp-daily.cvd' ...
Wed May  4 10:50:46 2022 -> Database test passed.
Wed May  4 10:50:46 2022 -> daily.cvd updated (version: 26531, sigs: 1983360, f-level: 90, builder: raynman)
Wed May  4 10:50:46 2022 -> main database available for download (remote version: 62)
Wed May  4 10:50:50 2022 -> Testing database: '/var/lib/clamav/tmp.3fcda6d50c/clamav-b98b267feb3095dfa4687249e1c02052.tmp-main.cvd' ...
Wed May  4 10:50:57 2022 -> Update process terminated
Wed May  4 10:50:57 2022 -> Update process terminated
Wed May  4 10:51:07 2022 -> --------------------------------------
Wed May  4 10:51:07 2022 -> ClamAV update process started at Wed May  4 10:51:07 2022
Wed May  4 10:51:07 2022 -> daily.cvd database is up-to-date (version: 26531, sigs: 1983360, f-level: 90, builder: raynman)
Wed May  4 10:51:07 2022 -> main database available for download (remote version: 62)
Wed May  4 10:51:11 2022 -> Testing database: '/var/lib/clamav/tmp.db3add5fe7/clamav-6737087cbfe6147287055b76f3b22aa8.tmp-main.cvd' ...
Wed May  4 10:51:20 2022 -> Database test passed.
Wed May  4 10:51:20 2022 -> main.cvd updated (version: 62, sigs: 6647427, f-level: 90, builder: sigmgr)
Wed May  4 10:51:20 2022 -> bytecode database available for download (remote version: 333)
Wed May  4 10:51:20 2022 -> Testing database: '/var/lib/clamav/tmp.db3add5fe7/clamav-c733e3978d43cf73535dd4d990b6481f.tmp-bytecode.cvd' ...
Wed May  4 10:51:20 2022 -> Database test passed.
Wed May  4 10:51:20 2022 -> bytecode.cvd updated (version: 333, sigs: 92, f-level: 63, builder: awillia2)
Wed May  4 10:51:20 2022 -> WARNING: Clamd was NOT notified: Can't connect to clamd through /var/run/clamav/clamd.ctl: No such file or directory
Wed May  4 11:44:27 2022 -> --------------------------------------
Wed May  4 11:44:27 2022 -> freshclam daemon 0.103.5 (OS: linux-gnu, ARCH: x86_64, CPU: x86_64)
Wed May  4 11:44:27 2022 -> ClamAV update process started at Wed May  4 11:44:27 2022
Wed May  4 11:44:27 2022 -> daily.cvd database is up-to-date (version: 26531, sigs: 1983360, f-level: 90, builder: raynman)
Wed May  4 11:44:27 2022 -> main.cvd database is up-to-date (version: 62, sigs: 6647427, f-level: 90, builder: sigmgr)
Wed May  4 11:44:27 2022 -> bytecode.cvd database is up-to-date (version: 333, sigs: 92, f-level: 63, builder: awillia2)
Wed May  4 11:44:27 2022 -> --------------------------------------
Wed May  4 11:52:05 2022 -> Update process terminated
Wed May  4 11:52:09 2022 -> --------------------------------------
Wed May  4 11:52:09 2022 -> ClamAV update process started at Wed May  4 11:52:09 2022
Wed May  4 11:52:09 2022 -> daily.cvd database is up-to-date (version: 26531, sigs: 1983360, f-level: 90, builder: raynman)
Wed May  4 11:52:09 2022 -> main.cvd database is up-to-date (version: 62, sigs: 6647427, f-level: 90, builder: sigmgr)
Wed May  4 11:52:09 2022 -> bytecode.cvd database is up-to-date (version: 333, sigs: 92, f-level: 63, builder: awillia2)
Thu May  5 08:57:01 2022 -> --------------------------------------
Thu May  5 08:57:01 2022 -> ClamAV update process started at Thu May  5 08:57:01 2022
Thu May  5 08:57:01 2022 -> daily.cvd database is up-to-date (version: 26531, sigs: 1983360, f-level: 90, builder: raynman)
Thu May  5 08:57:01 2022 -> main.cvd database is up-to-date (version: 62, sigs: 6647427, f-level: 90, builder: sigmgr)
Thu May  5 08:57:01 2022 -> bytecode.cvd database is up-to-date (version: 333, sigs: 92, f-level: 63, builder: awillia2)
Fri May  6 08:57:01 2022 -> --------------------------------------
Fri May  6 08:57:01 2022 -> ClamAV update process started at Fri May  6 08:57:01 2022
Fri May  6 08:57:01 2022 -> WARNING: Your ClamAV installation is OUTDATED!
Fri May  6 08:57:01 2022 -> WARNING: Local version: 0.103.5 Recommended version: 0.103.6
Fri May  6 08:57:01 2022 -> DON'T PANIC! Read https://docs.clamav.net/manual/Installing.html
Fri May  6 08:57:01 2022 -> daily database available for update (local version: 26531, remote version: 26532)
Fri May  6 08:57:03 2022 -> Testing database: '/var/lib/clamav/tmp.a9d0f711c9/clamav-c6684e05aabc49aa8ebb754c9e92e8a7.tmp-daily.cld' ...
Fri May  6 08:57:21 2022 -> Database test passed.
Fri May  6 08:57:21 2022 -> daily.cld updated (version: 26532, sigs: 1983448, f-level: 90, builder: raynman)
Fri May  6 08:57:21 2022 -> main.cvd database is up-to-date (version: 62, sigs: 6647427, f-level: 90, builder: sigmgr)
Fri May  6 08:57:21 2022 -> bytecode.cvd database is up-to-date (version: 333, sigs: 92, f-level: 63, builder: awillia2)
Fri May  6 08:57:21 2022 -> WARNING: Clamd was NOT notified: Can't connect to clamd through /var/run/clamav/clamd.ctl: Connection refused
Sat May  7 08:57:01 2022 -> --------------------------------------
Sat May  7 08:57:01 2022 -> ClamAV update process started at Sat May  7 08:57:01 2022
Sat May  7 08:57:01 2022 -> WARNING: Your ClamAV installation is OUTDATED!
Sat May  7 08:57:01 2022 -> WARNING: Local version: 0.103.5 Recommended version: 0.103.6
Sat May  7 08:57:01 2022 -> DON'T PANIC! Read https://docs.clamav.net/manual/Installing.html
Sat May  7 08:57:01 2022 -> daily database available for update (local version: 26532, remote version: 26533)
Sat May  7 08:57:02 2022 -> Testing database: '/var/lib/clamav/tmp.8faf27ceb4/clamav-8fdb604536ded93c1bbe9e0aecda0cfb.tmp-daily.cld' ...
Sat May  7 08:57:08 2022 -> Database test passed.
Sat May  7 08:57:08 2022 -> daily.cld updated (version: 26533, sigs: 1983620, f-level: 90, builder: raynman)
Sat May  7 08:57:08 2022 -> main.cvd database is up-to-date (version: 62, sigs: 6647427, f-level: 90, builder: sigmgr)
Sat May  7 08:57:08 2022 -> bytecode.cvd database is up-to-date (version: 333, sigs: 92, f-level: 63, builder: awillia2)
Sat May  7 08:57:08 2022 -> WARNING: Clamd was NOT notified: Can't connect to clamd through /var/run/clamav/clamd.ctl: Connection refused
